This is pdfTeX, Version 3.14159265-2.6-1.40.17 (TeX Live 2016) (preloaded format=pdflatex 2016.10.28)  15 JAN 2017 18:13
entering extended mode
 restricted \write18 enabled.
 file:line:error style messages enabled.
 %&-line parsing enabled.
**ITPD2.0.tex
(./ITPD2.0.tex
LaTeX2e <2016/03/31>
Babel <3.9r> and hyphenation patterns for 83 language(s) loaded.
(/usr/local/texlive/2016/texmf-dist/tex/latex/base/article.cls
Document Class: article 2014/09/29 v1.4h Standard LaTeX document class
(/usr/local/texlive/2016/texmf-dist/tex/latex/base/size10.clo
File: size10.clo 2014/09/29 v1.4h Standard LaTeX file (size option)
)
\c@part=\count79
\c@section=\count80
\c@subsection=\count81
\c@subsubsection=\count82
\c@paragraph=\count83
\c@subparagraph=\count84
\c@figure=\count85
\c@table=\count86
\abovecaptionskip=\skip41
\belowcaptionskip=\skip42
\bibindent=\dimen102
)
(/usr/local/texlive/2016/texmf-dist/tex/latex/graphics/graphicx.sty
Package: graphicx 2014/10/28 v1.0g Enhanced LaTeX Graphics (DPC,SPQR)

(/usr/local/texlive/2016/texmf-dist/tex/latex/graphics/keyval.sty
Package: keyval 2014/10/28 v1.15 key=value parser (DPC)
\KV@toks@=\toks14
)
(/usr/local/texlive/2016/texmf-dist/tex/latex/graphics/graphics.sty
Package: graphics 2016/05/09 v1.0r Standard LaTeX Graphics (DPC,SPQR)

(/usr/local/texlive/2016/texmf-dist/tex/latex/graphics/trig.sty
Package: trig 2016/01/03 v1.10 sin cos tan (DPC)
)
(/usr/local/texlive/2016/texmf-dist/tex/latex/graphics-cfg/graphics.cfg
File: graphics.cfg 2016/01/02 v1.10 sample graphics configuration
)
Package graphics Info: Driver file: pdftex.def on input line 96.

(/usr/local/texlive/2016/texmf-dist/tex/latex/pdftex-def/pdftex.def
File: pdftex.def 2011/05/27 v0.06d Graphics/color for pdfTeX

(/usr/local/texlive/2016/texmf-dist/tex/generic/oberdiek/infwarerr.sty
Package: infwarerr 2016/05/16 v1.4 Providing info/warning/error messages (HO)
)
(/usr/local/texlive/2016/texmf-dist/tex/generic/oberdiek/ltxcmds.sty
Package: ltxcmds 2016/05/16 v1.23 LaTeX kernel commands for general use (HO)
)
\Gread@gobject=\count87
))
\Gin@req@height=\dimen103
\Gin@req@width=\dimen104
)
(/usr/local/texlive/2016/texmf-dist/tex/latex/listings/listings.sty
\lst@mode=\count88
\lst@gtempboxa=\box26
\lst@token=\toks15
\lst@length=\count89
\lst@currlwidth=\dimen105
\lst@column=\count90
\lst@pos=\count91
\lst@lostspace=\dimen106
\lst@width=\dimen107
\lst@newlines=\count92
\lst@lineno=\count93
\lst@maxwidth=\dimen108

(/usr/local/texlive/2016/texmf-dist/tex/latex/listings/lstmisc.sty
File: lstmisc.sty 2015/06/04 1.6 (Carsten Heinz)
\c@lstnumber=\count94
\lst@skipnumbers=\count95
\lst@framebox=\box27
)
(/usr/local/texlive/2016/texmf-dist/tex/latex/listings/listings.cfg
File: listings.cfg 2015/06/04 1.6 listings configuration
))
Package: listings 2015/06/04 1.6 (Carsten Heinz)

(/usr/local/texlive/2016/texmf-dist/tex/latex/tools/array.sty
Package: array 2014/10/28 v2.4c Tabular extension package (FMi)
\col@sep=\dimen109
\extrarowheight=\dimen110
\NC@list=\toks16
\extratabsurround=\skip43
\backup@length=\skip44
) (./ITPD2.0.aux)
\openout1 = `ITPD2.0.aux'.

LaTeX Font Info:    Checking defaults for OML/cmm/m/it on input line 14.
LaTeX Font Info:    ... okay on input line 14.
LaTeX Font Info:    Checking defaults for T1/cmr/m/n on input line 14.
LaTeX Font Info:    ... okay on input line 14.
LaTeX Font Info:    Checking defaults for OT1/cmr/m/n on input line 14.
LaTeX Font Info:    ... okay on input line 14.
LaTeX Font Info:    Checking defaults for OMS/cmsy/m/n on input line 14.
LaTeX Font Info:    ... okay on input line 14.
LaTeX Font Info:    Checking defaults for OMX/cmex/m/n on input line 14.
LaTeX Font Info:    ... okay on input line 14.
LaTeX Font Info:    Checking defaults for U/cmr/m/n on input line 14.
LaTeX Font Info:    ... okay on input line 14.

(/usr/local/texlive/2016/texmf-dist/tex/context/base/mkii/supp-pdf.mkii
[Loading MPS to PDF converter (version 2006.09.02).]
\scratchcounter=\count96
\scratchdimen=\dimen111
\scratchbox=\box28
\nofMPsegments=\count97
\nofMParguments=\count98
\everyMPshowfont=\toks17
\MPscratchCnt=\count99
\MPscratchDim=\dimen112
\MPnumerator=\count100
\makeMPintoPDFobject=\count101
\everyMPtoPDFconversion=\toks18
) (/usr/local/texlive/2016/texmf-dist/tex/generic/oberdiek/pdftexcmds.sty
Package: pdftexcmds 2016/05/10 v0.21 Utility functions of pdfTeX for LuaTeX (HO
)

(/usr/local/texlive/2016/texmf-dist/tex/generic/oberdiek/ifluatex.sty
Package: ifluatex 2016/05/16 v1.4 Provides the ifluatex switch (HO)
Package ifluatex Info: LuaTeX not detected.
)
(/usr/local/texlive/2016/texmf-dist/tex/generic/oberdiek/ifpdf.sty
Package: ifpdf 2016/05/14 v3.1 Provides the ifpdf switch
)
Package pdftexcmds Info: LuaTeX not detected.
Package pdftexcmds Info: \pdf@primitive is available.
Package pdftexcmds Info: \pdf@ifprimitive is available.
Package pdftexcmds Info: \pdfdraftmode found.
)
(/usr/local/texlive/2016/texmf-dist/tex/latex/oberdiek/epstopdf-base.sty
Package: epstopdf-base 2016/05/15 v2.6 Base part for package epstopdf

(/usr/local/texlive/2016/texmf-dist/tex/latex/oberdiek/grfext.sty
Package: grfext 2016/05/16 v1.2 Manage graphics extensions (HO)

(/usr/local/texlive/2016/texmf-dist/tex/generic/oberdiek/kvdefinekeys.sty
Package: kvdefinekeys 2016/05/16 v1.4 Define keys (HO)
))
(/usr/local/texlive/2016/texmf-dist/tex/latex/oberdiek/kvoptions.sty
Package: kvoptions 2016/05/16 v3.12 Key value format for package options (HO)

(/usr/local/texlive/2016/texmf-dist/tex/generic/oberdiek/kvsetkeys.sty
Package: kvsetkeys 2016/05/16 v1.17 Key value parser (HO)

(/usr/local/texlive/2016/texmf-dist/tex/generic/oberdiek/etexcmds.sty
Package: etexcmds 2016/05/16 v1.6 Avoid name clashes with e-TeX commands (HO)
Package etexcmds Info: Could not find \expanded.
(etexcmds)             That can mean that you are not using pdfTeX 1.50 or
(etexcmds)             that some package has redefined \expanded.
(etexcmds)             In the latter case, load this package earlier.
)))
Package grfext Info: Graphics extension search list:
(grfext)             [.png,.pdf,.jpg,.mps,.jpeg,.jbig2,.jb2,.PNG,.PDF,.JPG,.JPE
G,.JBIG2,.JB2,.eps]
(grfext)             \AppendGraphicsExtensions on input line 456.

(/usr/local/texlive/2016/texmf-dist/tex/latex/latexconfig/epstopdf-sys.cfg
File: epstopdf-sys.cfg 2010/07/13 v1.3 Configuration of (r)epstopdf for TeX Liv
e
))
\c@lstlisting=\count102

<images/logo.png, id=1, 441.65pt x 192.72pt>
File: images/logo.png Graphic file (type png)
 <use images/logo.png>
Package pdftex.def Info: images/logo.png used on input line 16.
(pdftex.def)             Requested size: 284.54195pt x 142.26355pt.

Underfull \hbox (badness 10000) in paragraph at lines 16--17
[][] 
 []


Underfull \hbox (badness 10000) in paragraph at lines 16--17

 []


Underfull \hbox (badness 10000) in paragraph at lines 16--17

 []

[1

{/usr/local/texlive/2016/texmf-var/fonts/map/pdftex/updmap/pdftex.map} <./image
s/logo.png>] [2]
LaTeX Font Info:    External font `cmex10' loaded for size
(Font)              <7> on input line 99.
LaTeX Font Info:    External font `cmex10' loaded for size
(Font)              <5> on input line 99.

Overfull \hbox (131.79128pt too wide) in paragraph at lines 99--113
 [] 
 []

LaTeX Font Info:    Try loading font information for OMS+cmr on input line 120.

(/usr/local/texlive/2016/texmf-dist/tex/latex/base/omscmr.fd
File: omscmr.fd 2014/09/29 v2.5h Standard LaTeX font definitions
)
LaTeX Font Info:    Font shape `OMS/cmr/m/n' in size <10> not available
(Font)              Font shape `OMS/cmsy/m/n' tried instead on input line 120.
 [3] [4] [5]
[6] [7] <images/Diagramma2.png, id=30, 1797.71625pt x 300.12125pt>
File: images/Diagramma2.png Graphic file (type png)

<use images/Diagramma2.png>
Package pdftex.def Info: images/Diagramma2.png used on input line 267.
(pdftex.def)             Requested size: 359.53688pt x 60.02318pt.

Overfull \hbox (14.53688pt too wide) in paragraph at lines 267--269
[][] 
 []

<images/Diagramma3.png, id=31, 2654.91875pt x 300.12125pt>
File: images/Diagramma3.png Graphic file (type png)

<use images/Diagramma3.png>
Package pdftex.def Info: images/Diagramma3.png used on input line 274.
(pdftex.def)             Requested size: 398.22063pt x 45.01624pt.

Overfull \hbox (53.22063pt too wide) in paragraph at lines 274--275
[][]  
 []

[8 <./images/Diagramma2.png> <./images/Diagramma3.png>]
<images/Diagramma4.png, id=35, 2644.88126pt x 301.125pt>
File: images/Diagramma4.png Graphic file (type png)

<use images/Diagramma4.png>
Package pdftex.def Info: images/Diagramma4.png used on input line 279.
(pdftex.def)             Requested size: 396.71507pt x 45.1668pt.

Overfull \hbox (51.71507pt too wide) in paragraph at lines 279--281
[][] 
 []

<images/Diagramma10.png, id=36, 2654.91875pt x 300.12125pt>
File: images/Diagramma10.png Graphic file (type png)

<use images/Diagramma10.png>
Package pdftex.def Info: images/Diagramma10.png used on input line 284.
(pdftex.def)             Requested size: 398.22063pt x 45.01624pt.

Overfull \hbox (53.22063pt too wide) in paragraph at lines 284--286
[][] 
 []

<images/Diagramma11.png, id=37, 2654.91875pt x 810.02625pt>
File: images/Diagramma11.png Graphic file (type png)

<use images/Diagramma11.png>
Package pdftex.def Info: images/Diagramma11.png used on input line 289.
(pdftex.def)             Requested size: 398.22063pt x 121.49869pt.

Overfull \hbox (53.22063pt too wide) in paragraph at lines 289--290
[][]  
 []

[9 <./images/Diagramma4.png> <./images/Diagramma10.png> <./images/Diagramma11.p
ng>] <images/Diagramma5.png, id=41, 2629.825pt x 1488.56125pt>
File: images/Diagramma5.png Graphic file (type png)

<use images/Diagramma5.png>
Package pdftex.def Info: images/Diagramma5.png used on input line 295.
(pdftex.def)             Requested size: 394.45673pt x 223.27455pt.

Overfull \hbox (49.45673pt too wide) in paragraph at lines 295--296
[][]  
 []

[10 <./images/Diagramma5.png>]
<images/Diagramma6.png, id=45, 2510.37875pt x 1845.89626pt>
File: images/Diagramma6.png Graphic file (type png)

<use images/Diagramma6.png>
Package pdftex.def Info: images/Diagramma6.png used on input line 302.
(pdftex.def)             Requested size: 376.54057pt x 276.8725pt.

Overfull \hbox (31.54057pt too wide) in paragraph at lines 302--303
[][]  
 []

[11 <./images/Diagramma6.png>]
<images/Diagramma7.png, id=49, 2505.36pt x 1474.50874pt>
File: images/Diagramma7.png Graphic file (type png)

<use images/Diagramma7.png>
Package pdftex.def Info: images/Diagramma7.png used on input line 315.
(pdftex.def)             Requested size: 375.78778pt x 221.16676pt.

Overfull \hbox (30.78778pt too wide) in paragraph at lines 315--316
[][]  
 []

[12 <./images/Diagramma7.png>]
<images/Diagramma8.png, id=53, 1761.58125pt x 948.54375pt>
File: images/Diagramma8.png Graphic file (type png)

<use images/Diagramma8.png>
Package pdftex.def Info: images/Diagramma8.png used on input line 321.
(pdftex.def)             Requested size: 440.39424pt x 237.13535pt.

Overfull \hbox (95.39424pt too wide) in paragraph at lines 321--322
[][]  
 []

[13 <./images/Diagramma8.png>]
Overfull \hbox (21.63303pt too wide) in paragraph at lines 336--349
 [][] 
 []


Overfull \hbox (21.63303pt too wide) in paragraph at lines 356--369
 [][] 
 []


Overfull \hbox (21.63303pt too wide) in paragraph at lines 376--386
 [][] 
 []


Overfull \hbox (21.63303pt too wide) in paragraph at lines 397--410
 [][] 
 []


Underfull \hbox (badness 1902) in paragraph at lines 429--430
[]|\OT1/cmr/m/n/10 Entry is in-serted in-serted into the
 []


Overfull \hbox (21.63303pt too wide) in paragraph at lines 417--432
 [][] 
 []


Overfull \hbox (21.63303pt too wide) in paragraph at lines 440--450
 [][] 
 []

[14]
Overfull \hbox (21.63303pt too wide) in paragraph at lines 459--472
 [][] 
 []


Overfull \hbox (21.63303pt too wide) in paragraph at lines 483--496
 [][] 
 []


Overfull \hbox (21.63303pt too wide) in paragraph at lines 504--514
 [][] 
 []


Overfull \hbox (21.63303pt too wide) in paragraph at lines 521--531
 [][] 
 []


Overfull \hbox (21.63303pt too wide) in paragraph at lines 538--548
 [][] 
 []


Overfull \hbox (21.63303pt too wide) in paragraph at lines 555--565
 [][] 
 []

[15]
Overfull \hbox (21.63303pt too wide) in paragraph at lines 576--592
 [][] 
 []


Overfull \hbox (21.63303pt too wide) in paragraph at lines 599--612
 [][] 
 []


Overfull \hbox (21.63303pt too wide) in paragraph at lines 619--629
 [][] 
 []


Overfull \hbox (21.63303pt too wide) in paragraph at lines 636--646
 [][] 
 []


Overfull \hbox (21.63303pt too wide) in paragraph at lines 653--669
 [][] 
 []


Overfull \hbox (21.63303pt too wide) in paragraph at lines 677--687
 [][] 
 []


Underfull \hbox (badness 2790) in paragraph at lines 702--703
\OT1/cmr/m/n/10 ?changeS-ta-tus-Car? is called with
 []


Overfull \hbox (21.63303pt too wide) in paragraph at lines 694--706
 [][] 
 []

[16]
Overfull \hbox (21.63303pt too wide) in paragraph at lines 716--729
 [][] 
 []


Overfull \hbox (21.63303pt too wide) in paragraph at lines 743--758
 [][] 
 []


Overfull \hbox (21.63303pt too wide) in paragraph at lines 765--779
 [][] 
 []


Overfull \hbox (21.63303pt too wide) in paragraph at lines 789--801
 [][] 
 []


Overfull \hbox (21.63303pt too wide) in paragraph at lines 808--820
 [][] 
 []

[17]
Underfull \hbox (badness 7740) in paragraph at lines 837--838
[]|\OT1/cmr/m/n/10 InvalidArgumentValueException, the
 []


Overfull \hbox (21.63303pt too wide) in paragraph at lines 829--842
 [][] 
 []


Overfull \hbox (21.63303pt too wide) in paragraph at lines 852--864
 [][] 
 []


Overfull \hbox (21.63303pt too wide) in paragraph at lines 877--889
 [][] 
 []


Overfull \hbox (21.63303pt too wide) in paragraph at lines 897--909
 [][] 
 []


Overfull \hbox (21.63303pt too wide) in paragraph at lines 917--930
 [][] 
 []

[18]
Overfull \hbox (21.63303pt too wide) in paragraph at lines 938--951
 [][] 
 []


Overfull \hbox (21.63303pt too wide) in paragraph at lines 961--971
 [][] 
 []


Overfull \hbox (21.63303pt too wide) in paragraph at lines 980--992
 [][] 
 []


Underfull \hbox (badness 3826) in paragraph at lines 1018--1018
[]|\OT1/cmr/m/n/10 The Sta-tion is not found in the
 []


Overfull \hbox (21.63303pt too wide) in paragraph at lines 1010--1024
 [][] 
 []


Underfull \hbox (badness 3826) in paragraph at lines 1039--1039
[]|\OT1/cmr/m/n/10 The Sta-tion is not found in the
 []


Overfull \hbox (21.63303pt too wide) in paragraph at lines 1031--1044
 [][] 
 []


Overfull \hbox (21.63303pt too wide) in paragraph at lines 1051--1064
 [][] 
 []

[19]
Overfull \hbox (21.63303pt too wide) in paragraph at lines 1072--1086
 [][] 
 []


Overfull \hbox (21.63303pt too wide) in paragraph at lines 1104--1117
 [][] 
 []


Overfull \hbox (21.63303pt too wide) in paragraph at lines 1130--1142
 [][] 
 []

[20]
Overfull \hbox (21.63303pt too wide) in paragraph at lines 1156--1171
 [][] 
 []


Overfull \hbox (21.63303pt too wide) in paragraph at lines 1181--1195
 [][] 
 []


Underfull \hbox (badness 1394) in paragraph at lines 1212--1213
[]|\OT1/cmr/m/n/10 The user data is in-serted into the
 []


Overfull \hbox (21.63303pt too wide) in paragraph at lines 1204--1216
 [][] 
 []


Underfull \hbox (badness 1406) in paragraph at lines 1231--1233
[]|\OT1/cmr/m/n/10 The user data is deleted from the
 []


Overfull \hbox (21.63303pt too wide) in paragraph at lines 1223--1237
 [][] 
 []


Underfull \hbox (badness 3088) in paragraph at lines 1256--1258
[]|\OT1/cmr/m/n/10 The user data is up-dated in the
 []


Overfull \hbox (21.63303pt too wide) in paragraph at lines 1246--1260
 [][] 
 []

[21]
Overfull \hbox (21.63303pt too wide) in paragraph at lines 1278--1293
 [][] 
 []


Overfull \hbox (21.63303pt too wide) in paragraph at lines 1300--1317
 [][] 
 []


Overfull \hbox (21.63303pt too wide) in paragraph at lines 1325--1338
 [][] 
 []


Underfull \hbox (badness 1394) in paragraph at lines 1394--1395
[]|\OT1/cmr/m/n/10 The user data is in-serted into the
 []


Overfull \hbox (21.63303pt too wide) in paragraph at lines 1384--1397
 [][] 
 []


Underfull \hbox (badness 2762) in paragraph at lines 1412--1412
[]|\OT1/cmr/m/n/10 The userId does not ex-ist in the
 []


Overfull \hbox (21.63303pt too wide) in paragraph at lines 1404--1418
 [][] 
 []


Overfull \hbox (21.63303pt too wide) in paragraph at lines 1432--1445
 [][] 
 []

[22]
Overfull \hbox (21.63303pt too wide) in paragraph at lines 1452--1466
 [][] 
 []

[23] [24] [25] [26] [27] [28] [29] (./ITPD2.0.aux) ) 
Here is how much of TeX's memory you used:
 2766 strings out of 493014
 40794 string characters out of 6133350
 108215 words of memory out of 5000000
 6296 multiletter control sequences out of 15000+600000
 5504 words of font info for 20 fonts, out of 8000000 for 9000
 1141 hyphenation exceptions out of 8191
 38i,8n,32p,890b,310s stack positions out of 5000i,500n,10000p,200000b,80000s
</usr/local/texlive/2016/te
xmf-dist/fonts/type1/public/amsfonts/cm/cmbx10.pfb></usr/local/texlive/2016/tex
mf-dist/fonts/type1/public/amsfonts/cm/cmbx12.pfb></usr/local/texlive/2016/texm
f-dist/fonts/type1/public/amsfonts/cm/cmr10.pfb></usr/local/texlive/2016/texmf-
dist/fonts/type1/public/amsfonts/cm/cmsy10.pfb></usr/local/texlive/2016/texmf-d
ist/fonts/type1/public/amsfonts/cm/cmti10.pfb>
Output written on ITPD2.0.pdf (29 pages, 487014 bytes).
PDF statistics:
 127 PDF objects out of 1000 (max. 8388607)
 80 compressed objects within 1 object stream
 0 named destinations out of 1000 (max. 500000)
 51 words of extra memory for PDF output out of 10000 (max. 10000000)

